[0.020s] Invoking command in '/home/fei/publish_motors_position/build/motors_pkg': BYOBU_DATE=%Y-%m-%d CMAKE_PREFIX_PATH=/opt/ros/humble /usr/bin/cmake /home/fei/publish_motors_position/src/motors_pkg -DCMAKE_INSTALL_PREFIX=/home/fei/publish_motors_position/install/motors_pkg
[0.135s] -- The C compiler identification is GNU 11.4.0
[0.240s] -- The CXX compiler identification is GNU 11.4.0
[0.256s] -- Detecting C compiler ABI info
[0.413s] -- Detecting C compiler ABI info - done
[0.425s] -- Check for working C compiler: /usr/bin/cc - skipped
[0.426s] -- Detecting C compile features
[0.426s] -- Detecting C compile features - done
[0.431s] -- Detecting CXX compiler ABI info
[0.589s] -- Detecting CXX compiler ABI info - done
[0.600s] -- Check for working CXX compiler: /usr/bin/c++ - skipped
[0.601s] -- Detecting CXX compile features
[0.601s] -- Detecting CXX compile features - done
[0.604s] -- Found ament_cmake: 1.3.12 (/opt/ros/humble/share/ament_cmake/cmake)
[0.870s] -- Found Python3: /usr/bin/python3 (found version "3.10.12") found components: Interpreter 
[1.000s] -- Found dynamixel_sdk: 3.8.4 (/opt/ros/humble/share/dynamixel_sdk/cmake)
[1.004s] -- Found rclcpp: 16.0.14 (/opt/ros/humble/share/rclcpp/cmake)
[1.059s] -- Found rosidl_generator_c: 3.1.7 (/opt/ros/humble/share/rosidl_generator_c/cmake)
[1.064s] -- Found rosidl_adapter: 3.1.7 (/opt/ros/humble/share/rosidl_adapter/cmake)
[1.075s] -- Found rosidl_generator_cpp: 3.1.7 (/opt/ros/humble/share/rosidl_generator_cpp/cmake)
[1.091s] -- Using all available rosidl_typesupport_c: rosidl_typesupport_fastrtps_c;rosidl_typesupport_introspection_c
[1.112s] -- Using all available rosidl_typesupport_cpp: rosidl_typesupport_fastrtps_cpp;rosidl_typesupport_introspection_cpp
[1.171s] -- Found rmw_implementation_cmake: 6.1.2 (/opt/ros/humble/share/rmw_implementation_cmake/cmake)
[1.173s] -- Found rmw_fastrtps_cpp: 6.2.8 (/opt/ros/humble/share/rmw_fastrtps_cpp/cmake)
[1.390s] -- Found OpenSSL: /usr/lib/x86_64-linux-gnu/libcrypto.so (found version "3.0.2")  
[1.430s] -- Found FastRTPS: /opt/ros/humble/include  
[1.499s] -- Using RMW implementation 'rmw_fastrtps_cpp' as default
[1.510s] -- Looking for pthread.h
[1.661s] -- Looking for pthread.h - found
[1.661s] -- Performing Test CMAKE_HAVE_LIBC_PTHREAD
[1.815s] -- Performing Test CMAKE_HAVE_LIBC_PTHREAD - Success
[1.817s] -- Found Threads: TRUE  
[1.897s] -- Found ament_lint_auto: 0.12.14 (/opt/ros/humble/share/ament_lint_auto/cmake)
[2.007s] -- Added test 'cppcheck' to perform static code analysis on C / C++ code
[2.007s] -- Configured cppcheck include dirs: /home/fei/publish_motors_position/src/motors_pkg/include
[2.008s] -- Configured cppcheck exclude dirs and/or files: 
[2.008s] -- Added test 'lint_cmake' to check CMake code style
[2.009s] -- Added test 'uncrustify' to check C / C++ code style
[2.010s] -- Configured uncrustify additional arguments: 
[2.010s] -- Added test 'xmllint' to check XML markup files
[2.011s] -- Configuring done
[2.021s] -- Generating done
[2.025s] -- Build files have been written to: /home/fei/publish_motors_position/build/motors_pkg
[2.038s] Invoked command in '/home/fei/publish_motors_position/build/motors_pkg' returned '0': BYOBU_DATE=%Y-%m-%d CMAKE_PREFIX_PATH=/opt/ros/humble /usr/bin/cmake /home/fei/publish_motors_position/src/motors_pkg -DCMAKE_INSTALL_PREFIX=/home/fei/publish_motors_position/install/motors_pkg
[2.042s] Invoking command in '/home/fei/publish_motors_position/build/motors_pkg': BYOBU_DATE=%Y-%m-%d CMAKE_PREFIX_PATH=/opt/ros/humble /usr/bin/cmake --build /home/fei/publish_motors_position/build/motors_pkg -- -j12 -l12
[2.167s] [ 50%] [32mBuilding CXX object CMakeFiles/motors_communication.dir/src/motors_communication.cpp.o[0m
[2.215s] [100%] [32m[1mLinking CXX executable motors_communication[0m
[2.302s] /usr/bin/ld: /usr/lib/gcc/x86_64-linux-gnu/11/../../../x86_64-linux-gnu/Scrt1.o: in function `_start':
[2.302s] (.text+0x1b): undefined reference to `main'
[2.305s] collect2: error: ld returned 1 exit status
[2.308s] gmake[2]: *** [CMakeFiles/motors_communication.dir/build.make:152: motors_communication] Error 1
[2.309s] gmake[1]: *** [CMakeFiles/Makefile2:137: CMakeFiles/motors_communication.dir/all] Error 2
[2.309s] gmake: *** [Makefile:146: all] Error 2
[2.314s] Invoked command in '/home/fei/publish_motors_position/build/motors_pkg' returned '2': BYOBU_DATE=%Y-%m-%d CMAKE_PREFIX_PATH=/opt/ros/humble /usr/bin/cmake --build /home/fei/publish_motors_position/build/motors_pkg -- -j12 -l12
