[0.008s] Invoking command in '/home/robo/Motors-Communication/build/motors_pkg': CMAKE_PREFIX_PATH=${CMAKE_PREFIX_PATH}:/opt/ros/humble /usr/bin/cmake --build /home/robo/Motors-Communication/build/motors_pkg -- -j8 -l8
[0.049s] [35m[1mConsolidate compiler generated dependencies of target motors_communication[0m
[0.060s] [100%] Built target motors_communication
[0.068s] Invoked command in '/home/robo/Motors-Communication/build/motors_pkg' returned '0': CMAKE_PREFIX_PATH=${CMAKE_PREFIX_PATH}:/opt/ros/humble /usr/bin/cmake --build /home/robo/Motors-Communication/build/motors_pkg -- -j8 -l8
[0.091s] Invoking command in '/home/robo/Motors-Communication/build/motors_pkg': CMAKE_PREFIX_PATH=${CMAKE_PREFIX_PATH}:/opt/ros/humble /usr/bin/cmake --install /home/robo/Motors-Communication/build/motors_pkg
[0.096s] -- Install configuration: ""
[0.096s] -- Up-to-date: /home/robo/Motors-Communication/install/motors_pkg/lib/motors_pkg/motors_communication
[0.096s] -- Up-to-date: /home/robo/Motors-Communication/install/motors_pkg/share/ament_index/resource_index/package_run_dependencies/motors_pkg
[0.097s] -- Up-to-date: /home/robo/Motors-Communication/install/motors_pkg/share/ament_index/resource_index/parent_prefix_path/motors_pkg
[0.097s] -- Up-to-date: /home/robo/Motors-Communication/install/motors_pkg/share/motors_pkg/environment/ament_prefix_path.sh
[0.097s] -- Up-to-date: /home/robo/Motors-Communication/install/motors_pkg/share/motors_pkg/environment/ament_prefix_path.dsv
[0.097s] -- Up-to-date: /home/robo/Motors-Communication/install/motors_pkg/share/motors_pkg/environment/path.sh
[0.097s] -- Up-to-date: /home/robo/Motors-Communication/install/motors_pkg/share/motors_pkg/environment/path.dsv
[0.097s] -- Up-to-date: /home/robo/Motors-Communication/install/motors_pkg/share/motors_pkg/local_setup.bash
[0.097s] -- Up-to-date: /home/robo/Motors-Communication/install/motors_pkg/share/motors_pkg/local_setup.sh
[0.097s] -- Up-to-date: /home/robo/Motors-Communication/install/motors_pkg/share/motors_pkg/local_setup.zsh
[0.097s] -- Up-to-date: /home/robo/Motors-Communication/install/motors_pkg/share/motors_pkg/local_setup.dsv
[0.097s] -- Installing: /home/robo/Motors-Communication/install/motors_pkg/share/motors_pkg/package.dsv
[0.097s] -- Up-to-date: /home/robo/Motors-Communication/install/motors_pkg/share/ament_index/resource_index/packages/motors_pkg
[0.097s] -- Up-to-date: /home/robo/Motors-Communication/install/motors_pkg/share/motors_pkg/cmake/motors_pkgConfig.cmake
[0.097s] -- Up-to-date: /home/robo/Motors-Communication/install/motors_pkg/share/motors_pkg/cmake/motors_pkgConfig-version.cmake
[0.097s] -- Up-to-date: /home/robo/Motors-Communication/install/motors_pkg/share/motors_pkg/package.xml
[0.098s] Invoked command in '/home/robo/Motors-Communication/build/motors_pkg' returned '0': CMAKE_PREFIX_PATH=${CMAKE_PREFIX_PATH}:/opt/ros/humble /usr/bin/cmake --install /home/robo/Motors-Communication/build/motors_pkg
