[0.006s] Invoking command in '/home/robo/Motors-Communication/build/motors_pkg': CMAKE_PREFIX_PATH=/opt/ros/humble /usr/bin/cmake /home/robo/Motors-Communication/src/motors_pkg -DCMAKE_INSTALL_PREFIX=/home/robo/Motors-Communication/install/motors_pkg
[0.113s] -- The C compiler identification is GNU 11.4.0
[0.215s] -- The CXX compiler identification is GNU 11.4.0
[0.221s] -- Detecting C compiler ABI info
[0.285s] -- Detecting C compiler ABI info - done
[0.290s] -- Check for working C compiler: /usr/bin/cc - skipped
[0.291s] -- Detecting C compile features
[0.291s] -- Detecting C compile features - done
[0.293s] -- Detecting CXX compiler ABI info
[0.358s] -- Detecting CXX compiler ABI info - done
[0.363s] -- Check for working CXX compiler: /usr/bin/c++ - skipped
[0.363s] -- Detecting CXX compile features
[0.364s] -- Detecting CXX compile features - done
[0.368s] -- Found ament_cmake: 1.3.9 (/opt/ros/humble/share/ament_cmake/cmake)
[0.472s] -- Found Python3: /usr/bin/python3 (found version "3.10.12") found components: Interpreter 
[0.537s] -- Found dynamixel_sdk: 3.7.60 (/opt/ros/humble/share/dynamixel_sdk/cmake)
[0.538s] -- Found std_msgs: 4.2.4 (/opt/ros/humble/share/std_msgs/cmake)
[0.565s] -- Found rosidl_generator_c: 3.1.5 (/opt/ros/humble/share/rosidl_generator_c/cmake)
[0.568s] -- Found rosidl_adapter: 3.1.5 (/opt/ros/humble/share/rosidl_adapter/cmake)
[0.575s] -- Found rosidl_generator_cpp: 3.1.5 (/opt/ros/humble/share/rosidl_generator_cpp/cmake)
[0.585s] -- Using all available rosidl_typesupport_c: rosidl_typesupport_fastrtps_c;rosidl_typesupport_introspection_c
[0.599s] -- Using all available rosidl_typesupport_cpp: rosidl_typesupport_fastrtps_cpp;rosidl_typesupport_introspection_cpp
[0.638s] -- Found rclcpp: 16.0.9 (/opt/ros/humble/share/rclcpp/cmake)
[0.680s] -- Found rmw_implementation_cmake: 6.1.2 (/opt/ros/humble/share/rmw_implementation_cmake/cmake)
[0.682s] -- Found rmw_fastrtps_cpp: 6.2.6 (/opt/ros/humble/share/rmw_fastrtps_cpp/cmake)
[0.748s] -- Found OpenSSL: /usr/lib/x86_64-linux-gnu/libcrypto.so (found version "3.0.2")  
[0.766s] -- Found FastRTPS: /opt/ros/humble/include  
[0.795s] -- Using RMW implementation 'rmw_fastrtps_cpp' as default
[0.802s] -- Looking for pthread.h
[0.877s] -- Looking for pthread.h - found
[0.877s] -- Performing Test CMAKE_HAVE_LIBC_PTHREAD
[0.934s] -- Performing Test CMAKE_HAVE_LIBC_PTHREAD - Success
[0.935s] -- Found Threads: TRUE  
[1.023s] -- Found ament_lint_auto: 0.12.11 (/opt/ros/humble/share/ament_lint_auto/cmake)
[1.076s] -- Added test 'cppcheck' to perform static code analysis on C / C++ code
[1.076s] -- Configured cppcheck include dirs: /home/robo/Motors-Communication/src/motors_pkg/include
[1.076s] -- Configured cppcheck exclude dirs and/or files: 
[1.077s] -- Added test 'lint_cmake' to check CMake code style
[1.077s] -- Added test 'uncrustify' to check C / C++ code style
[1.077s] -- Configured uncrustify additional arguments: 
[1.078s] -- Added test 'xmllint' to check XML markup files
[1.078s] -- Configuring done
[1.085s] -- Generating done
[1.086s] -- Build files have been written to: /home/robo/Motors-Communication/build/motors_pkg
[1.093s] Invoked command in '/home/robo/Motors-Communication/build/motors_pkg' returned '0': CMAKE_PREFIX_PATH=/opt/ros/humble /usr/bin/cmake /home/robo/Motors-Communication/src/motors_pkg -DCMAKE_INSTALL_PREFIX=/home/robo/Motors-Communication/install/motors_pkg
[1.094s] Invoking command in '/home/robo/Motors-Communication/build/motors_pkg': CMAKE_PREFIX_PATH=/opt/ros/humble /usr/bin/cmake --build /home/robo/Motors-Communication/build/motors_pkg -- -j8 -l8
[1.139s] [ 50%] [32mBuilding CXX object CMakeFiles/motors_communication.dir/src/motors_communication.cpp.o[0m
[1.410s] [100%] [32m[1mLinking CXX executable motors_communication[0m
[1.492s] [100%] Built target motors_communication
[1.500s] Invoked command in '/home/robo/Motors-Communication/build/motors_pkg' returned '0': CMAKE_PREFIX_PATH=/opt/ros/humble /usr/bin/cmake --build /home/robo/Motors-Communication/build/motors_pkg -- -j8 -l8
[1.527s] Invoking command in '/home/robo/Motors-Communication/build/motors_pkg': CMAKE_PREFIX_PATH=/opt/ros/humble /usr/bin/cmake --install /home/robo/Motors-Communication/build/motors_pkg
[1.533s] -- Install configuration: ""
[1.533s] -- Installing: /home/robo/Motors-Communication/install/motors_pkg/lib/motors_pkg/motors_communication
[1.533s] -- Set runtime path of "/home/robo/Motors-Communication/install/motors_pkg/lib/motors_pkg/motors_communication" to ""
[1.533s] -- Installing: /home/robo/Motors-Communication/install/motors_pkg/share/ament_index/resource_index/package_run_dependencies/motors_pkg
[1.534s] -- Installing: /home/robo/Motors-Communication/install/motors_pkg/share/ament_index/resource_index/parent_prefix_path/motors_pkg
[1.534s] -- Installing: /home/robo/Motors-Communication/install/motors_pkg/share/motors_pkg/environment/ament_prefix_path.sh
[1.534s] -- Installing: /home/robo/Motors-Communication/install/motors_pkg/share/motors_pkg/environment/ament_prefix_path.dsv
[1.534s] -- Installing: /home/robo/Motors-Communication/install/motors_pkg/share/motors_pkg/environment/path.sh
[1.534s] -- Installing: /home/robo/Motors-Communication/install/motors_pkg/share/motors_pkg/environment/path.dsv
[1.534s] -- Installing: /home/robo/Motors-Communication/install/motors_pkg/share/motors_pkg/local_setup.bash
[1.534s] -- Installing: /home/robo/Motors-Communication/install/motors_pkg/share/motors_pkg/local_setup.sh
[1.534s] -- Installing: /home/robo/Motors-Communication/install/motors_pkg/share/motors_pkg/local_setup.zsh
[1.534s] -- Installing: /home/robo/Motors-Communication/install/motors_pkg/share/motors_pkg/local_setup.dsv
[1.534s] -- Installing: /home/robo/Motors-Communication/install/motors_pkg/share/motors_pkg/package.dsv
[1.534s] -- Installing: /home/robo/Motors-Communication/install/motors_pkg/share/ament_index/resource_index/packages/motors_pkg
[1.534s] -- Installing: /home/robo/Motors-Communication/install/motors_pkg/share/motors_pkg/cmake/motors_pkgConfig.cmake
[1.534s] -- Installing: /home/robo/Motors-Communication/install/motors_pkg/share/motors_pkg/cmake/motors_pkgConfig-version.cmake
[1.535s] -- Installing: /home/robo/Motors-Communication/install/motors_pkg/share/motors_pkg/package.xml
[1.536s] Invoked command in '/home/robo/Motors-Communication/build/motors_pkg' returned '0': CMAKE_PREFIX_PATH=/opt/ros/humble /usr/bin/cmake --install /home/robo/Motors-Communication/build/motors_pkg
