[35m[1mConsolidate compiler generated dependencies of target motors_communication[0m
[ 50%] [32mBuilding CXX object CMakeFiles/motors_communication.dir/src/motors_communication.cpp.o[0m
[01m[K/home/fei/publish_motors_position/src/motors_pkg/src/motors_communication.cpp:16:33:[m[K [01;31m[Kerror: [m[K‘[01m[Kstd_msgs[m[K’ does not name a type
   16 |     void command_callback(const [01;31m[Kstd_msgs[m[K::msg::Int32MultiArray::SharedPtr msg)
      |                                 [01;31m[K^~~~~~~~[m[K
[01m[K/home/fei/publish_motors_position/src/motors_pkg/src/motors_communication.cpp:16:46:[m[K [01;31m[Kerror: [m[Kexpected unqualified-id before ‘[01m[K::[m[K’ token
   16 |     void command_callback(const std_msgs::msg[01;31m[K::[m[KInt32MultiArray::SharedPtr msg)
      |                                              [01;31m[K^~[m[K
[01m[K/home/fei/publish_motors_position/src/motors_pkg/src/motors_communication.cpp:16:46:[m[K [01;31m[Kerror: [m[Kexpected ‘[01m[K)[m[K’ before ‘[01m[K::[m[K’ token
   16 |     void command_callback[34m[K([m[Kconst std_msgs::msg[01;31m[K:[m[K[32m[K:[m[KInt32MultiArray::SharedPtr msg)
      |                          [34m[K~[m[K                   [01;31m[K^[m[K[32m[K~[m[K
      |                                              [32m[K)[m[K
[01m[K/home/fei/publish_motors_position/src/motors_pkg/src/motors_communication.cpp:16:43:[m[K [01;31m[Kerror: [m[Kexpected ‘[01m[K;[m[K’ at end of member declaration
   16 |     void command_callback(const std_msgs::[01;31m[Kmsg[m[K::Int32MultiArray::SharedPtr msg)
      |                                           [01;31m[K^~~[m[K
      |                                              [32m[K;[m[K
[01m[K/home/fei/publish_motors_position/src/motors_pkg/src/motors_communication.cpp:16:48:[m[K [01;31m[Kerror: [m[K‘[01m[KInt32MultiArray[m[K’ in namespace ‘[01m[K::[m[K’ does not name a type
   16 |     void command_callback(const std_msgs::msg::[01;31m[KInt32MultiArray[m[K::SharedPtr msg)
      |                                                [01;31m[K^~~~~~~~~~~~~~~[m[K
[01m[K/home/fei/publish_motors_position/src/motors_pkg/src/motors_communication.cpp:37:26:[m[K [01;31m[Kerror: [m[K‘[01m[Kstd_msgs[m[K’ was not declared in this scope
   37 |     rclcpp::Subscription<[01;31m[Kstd_msgs[m[K::msg::Int32MultiArray>::SharedPtr subscription_;
      |                          [01;31m[K^~~~~~~~[m[K
[01m[K/home/fei/publish_motors_position/src/motors_pkg/src/motors_communication.cpp:37:56:[m[K [01;31m[Kerror: [m[Ktemplate argument 1 is invalid
   37 |     rclcpp::Subscription<std_msgs::msg::Int32MultiArray[01;31m[K>[m[K::SharedPtr subscription_;
      |                                                        [01;31m[K^[m[K
[01m[K/home/fei/publish_motors_position/src/motors_pkg/src/motors_communication.cpp:37:56:[m[K [01;31m[Kerror: [m[Ktemplate argument 3 is invalid
[01m[K/home/fei/publish_motors_position/src/motors_pkg/src/motors_communication.cpp:37:56:[m[K [01;31m[Kerror: [m[Ktemplate argument 4 is invalid
[01m[K/home/fei/publish_motors_position/src/motors_pkg/src/motors_communication.cpp:37:56:[m[K [01;31m[Kerror: [m[Ktemplate argument 5 is invalid
[01m[K/home/fei/publish_motors_position/src/motors_pkg/src/motors_communication.cpp:37:59:[m[K [01;31m[Kerror: [m[Kexpected ‘[01m[K;[m[K’ at end of member declaration
   37 |     rclcpp::Subscription<std_msgs::msg::Int32MultiArray>::[01;31m[KSharedPtr[m[K subscription_;
      |                                                           [01;31m[K^~~~~~~~~[m[K
      |                                                                    [32m[K;[m[K
[01m[K/home/fei/publish_motors_position/src/motors_pkg/src/motors_communication.cpp:37:69:[m[K [01;31m[Kerror: [m[K‘[01m[Ksubscription_[m[K’ does not name a type; did you mean ‘[01m[Krmw_subscription_t[m[K’?
   37 |     rclcpp::Subscription<std_msgs::msg::Int32MultiArray>::SharedPtr [01;31m[Ksubscription_[m[K;
      |                                                                     [01;31m[K^~~~~~~~~~~~~[m[K
      |                                                                     [32m[Krmw_subscription_t[m[K
[01m[K/home/fei/publish_motors_position/src/motors_pkg/src/motors_communication.cpp:[m[K In constructor ‘[01m[KMotorPublisher::MotorPublisher()[m[K’:
[01m[K/home/fei/publish_motors_position/src/motors_pkg/src/motors_communication.cpp:10:9:[m[K [01;31m[Kerror: [m[K‘[01m[Ksubscription_[m[K’ was not declared in this scope; did you mean ‘[01m[Krmw_subscription_t[m[K’?
   10 |         [01;31m[Ksubscription_[m[K = this->create_subscription<std_msgs::msg::Int32MultiArray>(
      |         [01;31m[K^~~~~~~~~~~~~[m[K
      |         [32m[Krmw_subscription_t[m[K
[01m[K/home/fei/publish_motors_position/src/motors_pkg/src/motors_communication.cpp:10:51:[m[K [01;31m[Kerror: [m[K‘[01m[Kstd_msgs[m[K’ was not declared in this scope
   10 |         subscription_ = this->create_subscription<[01;31m[Kstd_msgs[m[K::msg::Int32MultiArray>(
      |                                                   [01;31m[K^~~~~~~~[m[K
[01m[K/home/fei/publish_motors_position/src/motors_pkg/src/motors_communication.cpp:10:31:[m[K [01;31m[Kerror: [m[Kparse error in template argument list
   10 |         subscription_ = this->[01;31m[Kcreate_subscription<std_msgs::msg::Int32MultiArray>[m[K(
      |                               [01;31m[K^~~~~~~~~~~~~~~~~~~~~~~~~~~~~~~~~~~~~~~~~~~~~~~~~~~[m[K
[01m[K/home/fei/publish_motors_position/src/motors_pkg/src/motors_communication.cpp:10:82:[m[K [01;31m[Kerror: [m[Kno matching function for call to ‘[01m[KMotorPublisher::create_subscription<<expression error> >(const char [14], int, std::_Bind_helper<false, void (MotorPublisher::*)(...), MotorPublisher*, const std::_Placeholder<1>&>::type)[m[K’
   10 |         subscription_ = [01;31m[Kthis->create_subscription<std_msgs::msg::Int32MultiArray>([m[K
      |                         [01;31m[K~~~~~~~~~~~~~~~~~~~~~~~~~~~~~~~~~~~~~~~~~~~~~~~~~~~~~~~~~^[m[K
   11 | [01;31m[K            "motor_command", 10,[m[K
      |             [01;31m[K~~~~~~~~~~~~~~~~~~~~[m[K                                                  
   12 | [01;31m[K            std::bind(&MotorPublisher::command_callback, this, std::placeholders::_1))[m[K;
      |             [01;31m[K~~~~~~~~~~~~~~~~~~~~~~~~~~~~~~~~~~~~~~~~~~~~~~~~~~~~~~~~~~~~~~~~~~~~~~~~~~[m[K
In file included from [01m[K/opt/ros/humble/include/rclcpp/rclcpp/executors/single_threaded_executor.hpp:28[m[K,
                 from [01m[K/opt/ros/humble/include/rclcpp/rclcpp/executors.hpp:22[m[K,
                 from [01m[K/opt/ros/humble/include/rclcpp/rclcpp/rclcpp.hpp:155[m[K,
                 from [01m[K/home/fei/publish_motors_position/src/motors_pkg/src/motors_communication.cpp:1[m[K:
[01m[K/opt/ros/humble/include/rclcpp/rclcpp/node.hpp:219:3:[m[K [01;36m[Knote: [m[Kcandidate: ‘[01m[Ktemplate<class MessageT, class CallbackT, class AllocatorT, class SubscriptionT, class MessageMemoryStrategyT> std::shared_ptr<ROSMessageT> rclcpp::Node::create_subscription(const string&, const rclcpp::QoS&, CallbackT&&, const rclcpp::SubscriptionOptionsWithAllocator<AllocatorT>&, typename MessageMemoryStrategyT::SharedPtr)[m[K’
  219 |   [01;36m[Kcreate_subscription[m[K(
      |   [01;36m[K^~~~~~~~~~~~~~~~~~~[m[K
[01m[K/opt/ros/humble/include/rclcpp/rclcpp/node.hpp:219:3:[m[K [01;36m[Knote: [m[K  template argument deduction/substitution failed:
[01m[K/home/fei/publish_motors_position/src/motors_pkg/src/motors_communication.cpp:10:82:[m[K [01;31m[Kerror: [m[Ktemplate argument 1 is invalid
   10 |         subscription_ = [01;31m[Kthis->create_subscription<std_msgs::msg::Int32MultiArray>([m[K
      |                         [01;31m[K~~~~~~~~~~~~~~~~~~~~~~~~~~~~~~~~~~~~~~~~~~~~~~~~~~~~~~~~~^[m[K
   11 | [01;31m[K            "motor_command", 10,[m[K
      |             [01;31m[K~~~~~~~~~~~~~~~~~~~~[m[K                                                  
   12 | [01;31m[K            std::bind(&MotorPublisher::command_callback, this, std::placeholders::_1))[m[K;
      |             [01;31m[K~~~~~~~~~~~~~~~~~~~~~~~~~~~~~~~~~~~~~~~~~~~~~~~~~~~~~~~~~~~~~~~~~~~~~~~~~~[m[K
gmake[2]: *** [CMakeFiles/motors_communication.dir/build.make:76: CMakeFiles/motors_communication.dir/src/motors_communication.cpp.o] Error 1
gmake[1]: *** [CMakeFiles/Makefile2:137: CMakeFiles/motors_communication.dir/all] Error 2
gmake: *** [Makefile:146: all] Error 2
