[0.008s] Invoking command in '/home/robo/Motors-Communication/build/motors_pkg': CMAKE_PREFIX_PATH=${CMAKE_PREFIX_PATH}:/opt/ros/humble /usr/bin/cmake --build /home/robo/Motors-Communication/build/motors_pkg -- -j8 -l8
[0.048s] [ 50%] [32mBuilding CXX object CMakeFiles/motors_communication.dir/src/motors_communication.cpp.o[0m
[2.187s] [100%] [32m[1mLinking CXX executable motors_communication[0m
[2.282s] [100%] Built target motors_communication
[2.290s] Invoked command in '/home/robo/Motors-Communication/build/motors_pkg' returned '0': CMAKE_PREFIX_PATH=${CMAKE_PREFIX_PATH}:/opt/ros/humble /usr/bin/cmake --build /home/robo/Motors-Communication/build/motors_pkg -- -j8 -l8
[2.314s] Invoking command in '/home/robo/Motors-Communication/build/motors_pkg': CMAKE_PREFIX_PATH=${CMAKE_PREFIX_PATH}:/opt/ros/humble /usr/bin/cmake --install /home/robo/Motors-Communication/build/motors_pkg
[2.320s] -- Install configuration: ""
[2.320s] -- Installing: /home/robo/Motors-Communication/install/motors_pkg/lib/motors_pkg/motors_communication
[2.320s] -- Set runtime path of "/home/robo/Motors-Communication/install/motors_pkg/lib/motors_pkg/motors_communication" to ""
[2.321s] -- Up-to-date: /home/robo/Motors-Communication/install/motors_pkg/share/ament_index/resource_index/package_run_dependencies/motors_pkg
[2.321s] -- Up-to-date: /home/robo/Motors-Communication/install/motors_pkg/share/ament_index/resource_index/parent_prefix_path/motors_pkg
[2.321s] -- Up-to-date: /home/robo/Motors-Communication/install/motors_pkg/share/motors_pkg/environment/ament_prefix_path.sh
[2.321s] -- Up-to-date: /home/robo/Motors-Communication/install/motors_pkg/share/motors_pkg/environment/ament_prefix_path.dsv
[2.321s] -- Up-to-date: /home/robo/Motors-Communication/install/motors_pkg/share/motors_pkg/environment/path.sh
[2.321s] -- Up-to-date: /home/robo/Motors-Communication/install/motors_pkg/share/motors_pkg/environment/path.dsv
[2.321s] -- Up-to-date: /home/robo/Motors-Communication/install/motors_pkg/share/motors_pkg/local_setup.bash
[2.321s] -- Up-to-date: /home/robo/Motors-Communication/install/motors_pkg/share/motors_pkg/local_setup.sh
[2.321s] -- Up-to-date: /home/robo/Motors-Communication/install/motors_pkg/share/motors_pkg/local_setup.zsh
[2.321s] -- Up-to-date: /home/robo/Motors-Communication/install/motors_pkg/share/motors_pkg/local_setup.dsv
[2.321s] -- Installing: /home/robo/Motors-Communication/install/motors_pkg/share/motors_pkg/package.dsv
[2.321s] -- Up-to-date: /home/robo/Motors-Communication/install/motors_pkg/share/ament_index/resource_index/packages/motors_pkg
[2.321s] -- Up-to-date: /home/robo/Motors-Communication/install/motors_pkg/share/motors_pkg/cmake/motors_pkgConfig.cmake
[2.321s] -- Up-to-date: /home/robo/Motors-Communication/install/motors_pkg/share/motors_pkg/cmake/motors_pkgConfig-version.cmake
[2.321s] -- Up-to-date: /home/robo/Motors-Communication/install/motors_pkg/share/motors_pkg/package.xml
[2.323s] Invoked command in '/home/robo/Motors-Communication/build/motors_pkg' returned '0': CMAKE_PREFIX_PATH=${CMAKE_PREFIX_PATH}:/opt/ros/humble /usr/bin/cmake --install /home/robo/Motors-Communication/build/motors_pkg
