[0.024s] Invoking command in '/home/fei/publish_motors_position/build/motors_pkg': BYOBU_DATE=%Y-%m-%d CMAKE_PREFIX_PATH=/opt/ros/humble /usr/bin/cmake --build /home/fei/publish_motors_position/build/motors_pkg -- -j12 -l12
[0.116s] [35m[1mConsolidate compiler generated dependencies of target motors_communication[0m
[0.156s] [ 50%] [32mBuilding CXX object CMakeFiles/motors_communication.dir/src/motors_communication.cpp.o[0m
[0.646s] [100%] [32m[1mLinking CXX executable motors_communication[0m
[0.813s] [100%] Built target motors_communication
[0.836s] Invoked command in '/home/fei/publish_motors_position/build/motors_pkg' returned '0': BYOBU_DATE=%Y-%m-%d CMAKE_PREFIX_PATH=/opt/ros/humble /usr/bin/cmake --build /home/fei/publish_motors_position/build/motors_pkg -- -j12 -l12
[0.852s] Invoking command in '/home/fei/publish_motors_position/build/motors_pkg': BYOBU_DATE=%Y-%m-%d CMAKE_PREFIX_PATH=/opt/ros/humble /usr/bin/cmake --install /home/fei/publish_motors_position/build/motors_pkg
[0.864s] -- Install configuration: ""
[0.864s] -- Installing: /home/fei/publish_motors_position/install/motors_pkg/lib/motors_pkg/motors_communication
[0.865s] -- Set runtime path of "/home/fei/publish_motors_position/install/motors_pkg/lib/motors_pkg/motors_communication" to ""
[0.865s] -- Installing: /home/fei/publish_motors_position/install/motors_pkg/share/ament_index/resource_index/package_run_dependencies/motors_pkg
[0.866s] -- Up-to-date: /home/fei/publish_motors_position/install/motors_pkg/share/ament_index/resource_index/parent_prefix_path/motors_pkg
[0.866s] -- Up-to-date: /home/fei/publish_motors_position/install/motors_pkg/share/motors_pkg/environment/ament_prefix_path.sh
[0.866s] -- Installing: /home/fei/publish_motors_position/install/motors_pkg/share/motors_pkg/environment/ament_prefix_path.dsv
[0.866s] -- Up-to-date: /home/fei/publish_motors_position/install/motors_pkg/share/motors_pkg/environment/path.sh
[0.866s] -- Installing: /home/fei/publish_motors_position/install/motors_pkg/share/motors_pkg/environment/path.dsv
[0.867s] -- Up-to-date: /home/fei/publish_motors_position/install/motors_pkg/share/motors_pkg/local_setup.bash
[0.867s] -- Up-to-date: /home/fei/publish_motors_position/install/motors_pkg/share/motors_pkg/local_setup.sh
[0.867s] -- Up-to-date: /home/fei/publish_motors_position/install/motors_pkg/share/motors_pkg/local_setup.zsh
[0.867s] -- Installing: /home/fei/publish_motors_position/install/motors_pkg/share/motors_pkg/local_setup.dsv
[0.868s] -- Installing: /home/fei/publish_motors_position/install/motors_pkg/share/motors_pkg/package.dsv
[0.868s] -- Up-to-date: /home/fei/publish_motors_position/install/motors_pkg/share/ament_index/resource_index/packages/motors_pkg
[0.868s] -- Up-to-date: /home/fei/publish_motors_position/install/motors_pkg/share/motors_pkg/cmake/motors_pkgConfig.cmake
[0.868s] -- Up-to-date: /home/fei/publish_motors_position/install/motors_pkg/share/motors_pkg/cmake/motors_pkgConfig-version.cmake
[0.868s] -- Installing: /home/fei/publish_motors_position/install/motors_pkg/share/motors_pkg/package.xml
[0.870s] Invoked command in '/home/fei/publish_motors_position/build/motors_pkg' returned '0': BYOBU_DATE=%Y-%m-%d CMAKE_PREFIX_PATH=/opt/ros/humble /usr/bin/cmake --install /home/fei/publish_motors_position/build/motors_pkg
